Performing C SOURCE FILE Test CMAKE_HAVE_LIBC_PTHREAD failed with the following output:
Change Dir: /gpfs/alpine/proj-shared/csc143/gongq/andes/MReduction/MGARD/external/nvcomp/build/CMakeFiles/CMakeTmp

Run Build Command(s):/usr/bin/gmake cmTC_38a22/fast && /usr/bin/gmake  -f CMakeFiles/cmTC_38a22.dir/build.make CMakeFiles/cmTC_38a22.dir/build
gmake[1]: Entering directory `/gpfs/alpine/csc143/proj-shared/gongq/andes/MReduction/MGARD/external/nvcomp/build/CMakeFiles/CMakeTmp'
Building C object CMakeFiles/cmTC_38a22.dir/src.c.o
/sw/summit/gcc/10.2.0/bin/gcc   -DCMAKE_HAVE_LIBC_PTHREAD -o CMakeFiles/cmTC_38a22.dir/src.c.o -c /gpfs/alpine/proj-shared/csc143/gongq/andes/MReduction/MGARD/external/nvcomp/build/CMakeFiles/CMakeTmp/src.c
Linking C executable cmTC_38a22
/autofs/nccs-svm1_sw/summit/.swci/0-core/opt/spack/20180914/linux-rhel7-ppc64le/gcc-4.8.5/cmake-3.18.2-cirtl5oah4d6bequfcoji6jbetertrna/bin/cmake -E cmake_link_script CMakeFiles/cmTC_38a22.dir/link.txt --verbose=1
/sw/summit/gcc/10.2.0/bin/gcc  -DCMAKE_HAVE_LIBC_PTHREAD CMakeFiles/cmTC_38a22.dir/src.c.o -o cmTC_38a22 
CMakeFiles/cmTC_38a22.dir/src.c.o: In function `main':
src.c:(.text+0x64): undefined reference to `pthread_create'
src.c:(.text+0x74): undefined reference to `pthread_detach'
src.c:(.text+0x84): undefined reference to `pthread_cancel'
src.c:(.text+0x98): undefined reference to `pthread_join'
src.c:(.text+0xac): undefined reference to `pthread_atfork'
/usr/bin/ld: link errors found, deleting executable `cmTC_38a22'
collect2: error: ld returned 1 exit status
gmake[1]: *** [cmTC_38a22] Error 1
gmake[1]: Leaving directory `/gpfs/alpine/csc143/proj-shared/gongq/andes/MReduction/MGARD/external/nvcomp/build/CMakeFiles/CMakeTmp'
gmake: *** [cmTC_38a22/fast] Error 2


Source file was:
#include <pthread.h>

void* test_func(void* data)
{
  return data;
}

int main(void)
{
  pthread_t thread;
  pthread_create(&thread, NULL, test_func, NULL);
  pthread_detach(thread);
  pthread_cancel(thread);
  pthread_join(thread, NULL);
  pthread_atfork(NULL, NULL, NULL);
  pthread_exit(NULL);

  return 0;
}

Determining if the function pthread_create exists in the pthreads failed with the following output:
Change Dir: /gpfs/alpine/proj-shared/csc143/gongq/andes/MReduction/MGARD/external/nvcomp/build/CMakeFiles/CMakeTmp

Run Build Command(s):/usr/bin/gmake cmTC_5109f/fast && /usr/bin/gmake  -f CMakeFiles/cmTC_5109f.dir/build.make CMakeFiles/cmTC_5109f.dir/build
gmake[1]: Entering directory `/gpfs/alpine/csc143/proj-shared/gongq/andes/MReduction/MGARD/external/nvcomp/build/CMakeFiles/CMakeTmp'
Building C object CMakeFiles/cmTC_5109f.dir/CheckFunctionExists.c.o
/sw/summit/gcc/10.2.0/bin/gcc   -DCHECK_FUNCTION_EXISTS=pthread_create -o CMakeFiles/cmTC_5109f.dir/CheckFunctionExists.c.o -c /autofs/nccs-svm1_sw/summit/.swci/0-core/opt/spack/20180914/linux-rhel7-ppc64le/gcc-4.8.5/cmake-3.18.2-cirtl5oah4d6bequfcoji6jbetertrna/share/cmake-3.18/Modules/CheckFunctionExists.c
Linking C executable cmTC_5109f
/autofs/nccs-svm1_sw/summit/.swci/0-core/opt/spack/20180914/linux-rhel7-ppc64le/gcc-4.8.5/cmake-3.18.2-cirtl5oah4d6bequfcoji6jbetertrna/bin/cmake -E cmake_link_script CMakeFiles/cmTC_5109f.dir/link.txt --verbose=1
/sw/summit/gcc/10.2.0/bin/gcc  -DCHECK_FUNCTION_EXISTS=pthread_create CMakeFiles/cmTC_5109f.dir/CheckFunctionExists.c.o -o cmTC_5109f  -lpthreads 
/usr/bin/ld: cannot find -lpthreads
collect2: error: ld returned 1 exit status
gmake[1]: *** [cmTC_5109f] Error 1
gmake[1]: Leaving directory `/gpfs/alpine/csc143/proj-shared/gongq/andes/MReduction/MGARD/external/nvcomp/build/CMakeFiles/CMakeTmp'
gmake: *** [cmTC_5109f/fast] Error 2



